<?xml version="1.0" encoding="UTF-8"?>
<testng-results skipped="0" failed="0" total="2" passed="2">
  <reporter-output>
  </reporter-output>
  <suite name="Suite" duration-ms="37" started-at="2020-02-22T04:44:18Z" finished-at="2020-02-22T04:44:18Z">
    <groups>
    </groups>
    <test name="Test" duration-ms="37" started-at="2020-02-22T04:44:18Z" finished-at="2020-02-22T04:44:18Z">
      <class name="testing.NewTest">
        <test-method status="PASS" signature="f()[pri:0, instance:testing.NewTest@246ae04d]" name="f" duration-ms="0" started-at="2020-02-22T10:14:18Z" finished-at="2020-02-22T10:14:18Z">
          <reporter-output>
          </reporter-output>
        </test-method> <!-- f -->
      </class> <!-- testing.NewTest -->
      <class name="testing.LoginTest">
        <test-method status="PASS" signature="f()[pri:0, instance:testing.LoginTest@180bc464]" name="f" duration-ms="12" started-at="2020-02-22T10:14:18Z" finished-at="2020-02-22T10:14:18Z">
          <reporter-output>
          </reporter-output>
        </test-method> <!-- f -->
      </class> <!-- testing.LoginTest -->
    </test> <!-- Test -->
  </suite> <!-- Suite -->
</testng-results>
